<?xml version="1.0" encoding="UTF-8"?>
<!-- Generated by org.testng.reporters.JUnitReportReporter -->
<testsuite hostname="L-INE-G6NSYZ2" failures="0" tests="1" name="JenkinsHTD.SeleniumJenkins.AssertSelenium" time="10.113" errors="0" timestamp="2023-09-06T13:10:24 IST" skipped="0">
  <testcase classname="JenkinsHTD.SeleniumJenkins.AssertSelenium" name="f" time="10.113"/>
</testsuite> <!-- JenkinsHTD.SeleniumJenkins.AssertSelenium -->
