<?xml version="1.0" encoding="UTF-8"?>
<!-- Generated by org.testng.reporters.JUnitReportReporter -->
<testsuite hostname="L-INE-G6NSYZ2" failures="0" tests="2" name="JenkinsHTD.SeleniumJenkins.AssertSelenium" time="8.052" errors="0" timestamp="2023-09-06T12:29:01 IST" skipped="0">
  <testcase classname="JenkinsHTD.SeleniumJenkins.AssertSelenium" name="f" time="7.833"/>
  <testcase classname="JenkinsHTD.SeleniumJenkins.AssertSelenium" name="f1" time="0.219"/>
</testsuite> <!-- JenkinsHTD.SeleniumJenkins.AssertSelenium -->
