<?xml version="1.0" encoding="UTF-8"?>
<!-- Generated by org.testng.reporters.JUnitReportReporter -->
<testsuite hostname="L-INE-G6NSYZ2" failures="0" tests="1" name="JenkinsHTD.SeleniumJenkins.GoogleTests" time="6.284" errors="0" timestamp="2023-09-06T10:48:08 IST" skipped="0">
  <testcase classname="JenkinsHTD.SeleniumJenkins.GoogleTests" name="f" time="6.284"/>
</testsuite> <!-- JenkinsHTD.SeleniumJenkins.GoogleTests -->
