<?xml version="1.0" encoding="UTF-8"?>
<!-- Generated by org.testng.reporters.JUnitReportReporter -->
<testsuite hostname="L-INE-G6NSYZ2" failures="0" tests="1" name="JenkinsHTD.JenkinsHTD.NewTest1" time="5.863" errors="0" timestamp="2023-09-05T15:22:40 IST" skipped="0">
  <testcase classname="JenkinsHTD.JenkinsHTD.NewTest1" name="f" time="5.863"/>
</testsuite> <!-- JenkinsHTD.JenkinsHTD.NewTest1 -->
