<?xml version="1.0" encoding="UTF-8"?>
<!-- Generated by org.testng.reporters.JUnitReportReporter -->
<testsuite hostname="L-INE-G6NSYZ2" failures="0" tests="2" name="Technical_Assessment_02.orangehrmTest.OrangehrmTest" time="15.029" errors="0" timestamp="2023-09-07T13:09:37 IST" skipped="0">
  <testcase classname="Technical_Assessment_02.orangehrmTest.OrangehrmTest" name="f" time="7.800"/>
  <testcase classname="Technical_Assessment_02.orangehrmTest.OrangehrmTest" name="f1" time="7.229"/>
</testsuite> <!-- Technical_Assessment_02.orangehrmTest.OrangehrmTest -->
